0 info it worked if it ends with ok
1 verbose cli [ 'C:\\Program Files\\nodejs\\node.exe',
1 verbose cli   'C:\\Program Files\\nodejs\\node_modules\\npm\\bin\\npm-cli.js',
1 verbose cli   'run',
1 verbose cli   'start' ]
2 info using npm@3.10.9
3 info using node@v6.9.2
4 verbose run-script [ 'prestart', 'start', 'poststart' ]
5 info lifecycle demo-graphql@1.0.0~prestart: demo-graphql@1.0.0
6 silly lifecycle demo-graphql@1.0.0~prestart: no script for prestart, continuing
7 info lifecycle demo-graphql@1.0.0~start: demo-graphql@1.0.0
8 verbose lifecycle demo-graphql@1.0.0~start: unsafe-perm in lifecycle true
9 verbose lifecycle demo-graphql@1.0.0~start: PATH: C:\Program Files\nodejs\node_modules\npm\bin\node-gyp-bin;D:\github\graphql\demo-graphql\node_modules\.bin;C:\Program Files (x86)\MiKTeX 2.8\miktex\bin;C:\ProgramData\Oracle\Java\javapath;C:\Python27\;C:\Python27\Scripts;C:\Windows\system32;C:\Windows;C:\Windows\System32\Wbem;C:\Windows\System32\WindowsPowerShell\v1.0\:D:\wamp64\bin\php\php7.0.10\;D:\wamp64\bin\php\php7.0.10;C:\Program Files\Git\cmd;C:\Program Files\nodejs\;C:\Program Files (x86)\Microsoft SQL Server\110\Tools\Binn\;C:\Program Files\Microsoft SQL Server\110\Tools\Binn\;C:\Program Files\Microsoft SQL Server\110\DTS\Binn\;C:\Program Files (x86)\Microsoft SQL Server\110\Tools\Binn\ManagementStudio\;C:\Program Files (x86)\Microsoft SQL Server\110\DTS\Binn\;C:\Program Files\MongoDB\Server\3.4\bin;C:\ProgramData\ComposerSetup\bin;C:\wamp\bin\mysql\mysql5.6.17\bin\;C:\OpenSSL-Win32\bin;C:\Program Files (x86)\LyX 2.2\Perl\bin;D:\wamp64\bin\php\php7.0.10;C:\Program Files (x86)\LyX16\bin;C:\Program Files\MiKTeX 2.9\miktex\bin\x64\;C:\Program Files\Redis;D:\phpunit;C:\Users\symfony\AppData\Local\Programs\Python\Python35-32\Scripts\;C:\Users\symfony\AppData\Local\Programs\Python\Python35-32\;C:\Users\symfony\AppData\Roaming\npm;C:\Users\symfony\AppData\Roaming\Composer\vendor\bin;C:\Program Files\Microsoft VS Code\bin;C:\Program Files\Docker Toolbox
10 verbose lifecycle demo-graphql@1.0.0~start: CWD: D:\github\graphql\demo-graphql
11 silly lifecycle demo-graphql@1.0.0~start: Args: [ '/d /s /c', 'babel-watch server.js' ]
12 silly lifecycle demo-graphql@1.0.0~start: Returned: code: 1  signal: null
13 info lifecycle demo-graphql@1.0.0~start: Failed to exec start script
14 verbose stack Error: demo-graphql@1.0.0 start: `babel-watch server.js`
14 verbose stack Exit status 1
14 verbose stack     at EventEmitter.<anonymous> (C:\Program Files\nodejs\node_modules\npm\lib\utils\lifecycle.js:255:16)
14 verbose stack     at emitTwo (events.js:106:13)
14 verbose stack     at EventEmitter.emit (events.js:191:7)
14 verbose stack     at ChildProcess.<anonymous> (C:\Program Files\nodejs\node_modules\npm\lib\utils\spawn.js:40:14)
14 verbose stack     at emitTwo (events.js:106:13)
14 verbose stack     at ChildProcess.emit (events.js:191:7)
14 verbose stack     at maybeClose (internal/child_process.js:877:16)
14 verbose stack     at Process.ChildProcess._handle.onexit (internal/child_process.js:226:5)
15 verbose pkgid demo-graphql@1.0.0
16 verbose cwd D:\github\graphql\demo-graphql
17 error Windows_NT 6.1.7601
18 error argv "C:\\Program Files\\nodejs\\node.exe" "C:\\Program Files\\nodejs\\node_modules\\npm\\bin\\npm-cli.js" "run" "start"
19 error node v6.9.2
20 error npm  v3.10.9
21 error code ELIFECYCLE
22 error demo-graphql@1.0.0 start: `babel-watch server.js`
22 error Exit status 1
23 error Failed at the demo-graphql@1.0.0 start script 'babel-watch server.js'.
23 error Make sure you have the latest version of node.js and npm installed.
23 error If you do, this is most likely a problem with the demo-graphql package,
23 error not with npm itself.
23 error Tell the author that this fails on your system:
23 error     babel-watch server.js
23 error You can get information on how to open an issue for this project with:
23 error     npm bugs demo-graphql
23 error Or if that isn't available, you can get their info via:
23 error     npm owner ls demo-graphql
23 error There is likely additional logging output above.
24 verbose exit [ 1, true ]
